{
  "stats": {
    "suites": 1,
    "tests": 5,
    "passes": 5,
    "pending": 0,
    "failures": 0,
    "start": "2025-07-16T21:02:02.070Z",
    "end": "2025-07-16T21:02:11.619Z",
    "duration": 9549,
    "testsRegistered": 5,
    "passPercent": 100,
    "pendingPercent": 0,
    "other": 0,
    "hasOther": false,
    "skipped": 0,
    "hasSkipped": false
  },
  "results": [
    {
      "uuid": "5b3d9085-a1fd-4667-9700-00ff802207af",
      "title": "",
      "fullFile": "cypress\\e2e\\login\\logintTest.cy.js",
      "file": "cypress\\e2e\\login\\logintTest.cy.js",
      "beforeHooks": [],
      "afterHooks": [],
      "tests": [],
      "suites": [
        {
          "uuid": "c48f840a-2bb7-4dd8-8528-d4a80877829d",
          "title": "Login functionality",
          "fullFile": "",
          "file": "",
          "beforeHooks": [],
          "afterHooks": [],
          "tests": [
            {
              "title": "Login page",
              "fullTitle": "Login functionality Login page",
              "timedOut": null,
              "duration": 1884,
              "state": "passed",
              "speed": "fast",
              "pass": true,
              "fail": false,
              "pending": false,
              "context": null,
              "code": "login.loginButton().should('be.visible');\nlogin.loginButton().contains('Login');",
              "err": {},
              "uuid": "7a98ddb3-b1d8-490a-8376-af613198ea92",
              "parentUUID": "c48f840a-2bb7-4dd8-8528-d4a80877829d",
              "isHook": false,
              "skipped": false
            },
            {
              "title": "Fforgot your password redirection",
              "fullTitle": "Login functionality Fforgot your password redirection",
              "timedOut": null,
              "duration": 2134,
              "state": "passed",
              "speed": "fast",
              "pass": true,
              "fail": false,
              "pending": false,
              "context": null,
              "code": "login.forgotYourPasswordButton().should('be.visible');\nlogin.forgotYourPasswordButton().contains('Forgot your password?');\nlogin.forgotYourPasswordButton().click();\ncy.url().should('eq', 'https://opensource-demo.orangehrmlive.com/web/index.php/auth/requestPasswordResetCode');",
              "err": {},
              "uuid": "2169c46d-2b02-43d1-9718-7c130d36e443",
              "parentUUID": "c48f840a-2bb7-4dd8-8528-d4a80877829d",
              "isHook": false,
              "skipped": false
            },
            {
              "title": "Required fields",
              "fullTitle": "Login functionality Required fields",
              "timedOut": null,
              "duration": 871,
              "state": "passed",
              "speed": "fast",
              "pass": true,
              "fail": false,
              "pending": false,
              "context": null,
              "code": "login.loginButton().click();\nlogin.usernameInputField().should('have.class', 'oxd-input--error');\nlogin.passwordInputField().should('have.class', 'oxd-input--error');",
              "err": {},
              "uuid": "81de0fb0-eacd-47b9-8088-bc8797cc899c",
              "parentUUID": "c48f840a-2bb7-4dd8-8528-d4a80877829d",
              "isHook": false,
              "skipped": false
            },
            {
              "title": "Check invalid credentials message",
              "fullTitle": "Login functionality Check invalid credentials message",
              "timedOut": null,
              "duration": 2470,
              "state": "passed",
              "speed": "fast",
              "pass": true,
              "fail": false,
              "pending": false,
              "context": null,
              "code": "login.usernameInputField().type(fakeEmailAddress);\nlogin.passwordInputField().type('invalid');\nlogin.loginButton().click();\nlogin.invalidCredentialsError().should('be.visible');\ncy.get('.oxd-alert-content-text').should('contain', 'Invalid credentials');",
              "err": {},
              "uuid": "fc6e6395-710f-417d-8644-143bb54c2841",
              "parentUUID": "c48f840a-2bb7-4dd8-8528-d4a80877829d",
              "isHook": false,
              "skipped": false
            },
            {
              "title": "Successful login",
              "fullTitle": "Login functionality Successful login",
              "timedOut": null,
              "duration": 2102,
              "state": "passed",
              "speed": "fast",
              "pass": true,
              "fail": false,
              "pending": false,
              "context": null,
              "code": "login.usernameInputField().type(Cypress.env('email'));\nlogin.passwordInputField().type(Cypress.env('password'));\nlogin.loginButton().click();\ncy.url().should('contain', 'dashboard/index');",
              "err": {},
              "uuid": "b34f498c-5b23-4b65-bccf-81b7a31374e1",
              "parentUUID": "c48f840a-2bb7-4dd8-8528-d4a80877829d",
              "isHook": false,
              "skipped": false
            }
          ],
          "suites": [],
          "passes": [
            "7a98ddb3-b1d8-490a-8376-af613198ea92",
            "2169c46d-2b02-43d1-9718-7c130d36e443",
            "81de0fb0-eacd-47b9-8088-bc8797cc899c",
            "fc6e6395-710f-417d-8644-143bb54c2841",
            "b34f498c-5b23-4b65-bccf-81b7a31374e1"
          ],
          "failures": [],
          "pending": [],
          "skipped": [],
          "duration": 9461,
          "root": false,
          "rootEmpty": false,
          "_timeout": 2000
        }
      ],
      "passes": [],
      "failures": [],
      "pending": [],
      "skipped": [],
      "duration": 0,
      "root": true,
      "rootEmpty": true,
      "_timeout": 2000
    }
  ],
  "meta": {
    "mocha": {
      "version": "7.2.0"
    },
    "mochawesome": {
      "options": {
        "quiet": false,
        "reportFilename": "mochawesome",
        "saveHtml": true,
        "saveJson": true,
        "consoleReporter": "spec",
        "useInlineDiffs": false,
        "code": true
      },
      "version": "7.1.3"
    },
    "marge": {
      "options": {
        "reportDir": "cypress/reports/mochawesome",
        "overwrite": false,
        "html": true,
        "json": true
      },
      "version": "6.2.0"
    }
  }
}