{
  "stats": {
    "suites": 1,
    "tests": 5,
    "passes": 5,
    "pending": 0,
    "failures": 0,
    "start": "2025-07-16T20:54:56.298Z",
    "end": "2025-07-16T20:55:06.929Z",
    "duration": 10631,
    "testsRegistered": 5,
    "passPercent": 100,
    "pendingPercent": 0,
    "other": 0,
    "hasOther": false,
    "skipped": 0,
    "hasSkipped": false
  },
  "results": [
    {
      "uuid": "e7781eed-1a87-4d83-a116-d2a3fe7a93a5",
      "title": "",
      "fullFile": "cypress\\e2e\\login\\logintTest.cy.js",
      "file": "cypress\\e2e\\login\\logintTest.cy.js",
      "beforeHooks": [],
      "afterHooks": [],
      "tests": [],
      "suites": [
        {
          "uuid": "d4f4581d-734f-4b19-b932-cf15576f4c6a",
          "title": "Login functionality",
          "fullFile": "",
          "file": "",
          "beforeHooks": [],
          "afterHooks": [],
          "tests": [
            {
              "title": "Login page",
              "fullTitle": "Login functionality Login page",
              "timedOut": null,
              "duration": 2377,
              "state": "passed",
              "speed": "fast",
              "pass": true,
              "fail": false,
              "pending": false,
              "context": null,
              "code": "login.loginButton().should('be.visible');\nlogin.loginButton().contains('Login');",
              "err": {},
              "uuid": "ec79a456-89c2-4547-992e-c8d44a96c2d3",
              "parentUUID": "d4f4581d-734f-4b19-b932-cf15576f4c6a",
              "isHook": false,
              "skipped": false
            },
            {
              "title": "Fforgot your password redirection",
              "fullTitle": "Login functionality Fforgot your password redirection",
              "timedOut": null,
              "duration": 2180,
              "state": "passed",
              "speed": "fast",
              "pass": true,
              "fail": false,
              "pending": false,
              "context": null,
              "code": "login.forgotYourPasswordButton().should('be.visible');\nlogin.forgotYourPasswordButton().contains('Forgot your password?');\nlogin.forgotYourPasswordButton().click();\ncy.url().should('eq', 'https://opensource-demo.orangehrmlive.com/web/index.php/auth/requestPasswordResetCode');",
              "err": {},
              "uuid": "a50998f2-6ce5-4444-a57a-55fb68e96cbc",
              "parentUUID": "d4f4581d-734f-4b19-b932-cf15576f4c6a",
              "isHook": false,
              "skipped": false
            },
            {
              "title": "Required fields",
              "fullTitle": "Login functionality Required fields",
              "timedOut": null,
              "duration": 1077,
              "state": "passed",
              "speed": "fast",
              "pass": true,
              "fail": false,
              "pending": false,
              "context": null,
              "code": "login.loginButton().click();\nlogin.usernameInputField().should('have.class', 'oxd-input--error');\nlogin.passwordInputField().should('have.class', 'oxd-input--error');",
              "err": {},
              "uuid": "b35f0d06-a6d9-45cd-bd63-3ca5e286e369",
              "parentUUID": "d4f4581d-734f-4b19-b932-cf15576f4c6a",
              "isHook": false,
              "skipped": false
            },
            {
              "title": "Check invalid credentials message",
              "fullTitle": "Login functionality Check invalid credentials message",
              "timedOut": null,
              "duration": 2835,
              "state": "passed",
              "speed": "fast",
              "pass": true,
              "fail": false,
              "pending": false,
              "context": null,
              "code": "login.usernameInputField().type(fakeEmailAddress);\nlogin.passwordInputField().type('invalid');\nlogin.loginButton().click();\nlogin.invalidCredentialsError().should('be.visible');\ncy.get('.oxd-alert-content-text').should('contain', 'Invalid credentials');",
              "err": {},
              "uuid": "0ea80abc-903a-4249-ab01-ca0b82068709",
              "parentUUID": "d4f4581d-734f-4b19-b932-cf15576f4c6a",
              "isHook": false,
              "skipped": false
            },
            {
              "title": "Successful login",
              "fullTitle": "Login functionality Successful login",
              "timedOut": null,
              "duration": 2078,
              "state": "passed",
              "speed": "fast",
              "pass": true,
              "fail": false,
              "pending": false,
              "context": null,
              "code": "login.usernameInputField().type(Cypress.env('email'));\nlogin.passwordInputField().type(Cypress.env('password'));\nlogin.loginButton().click();\ncy.url().should('contain', 'dashboard/index');",
              "err": {},
              "uuid": "64d35fbf-7c5b-4d78-b99c-46e312fb5038",
              "parentUUID": "d4f4581d-734f-4b19-b932-cf15576f4c6a",
              "isHook": false,
              "skipped": false
            }
          ],
          "suites": [],
          "passes": [
            "ec79a456-89c2-4547-992e-c8d44a96c2d3",
            "a50998f2-6ce5-4444-a57a-55fb68e96cbc",
            "b35f0d06-a6d9-45cd-bd63-3ca5e286e369",
            "0ea80abc-903a-4249-ab01-ca0b82068709",
            "64d35fbf-7c5b-4d78-b99c-46e312fb5038"
          ],
          "failures": [],
          "pending": [],
          "skipped": [],
          "duration": 10547,
          "root": false,
          "rootEmpty": false,
          "_timeout": 2000
        }
      ],
      "passes": [],
      "failures": [],
      "pending": [],
      "skipped": [],
      "duration": 0,
      "root": true,
      "rootEmpty": true,
      "_timeout": 2000
    }
  ],
  "meta": {
    "mocha": {
      "version": "7.2.0"
    },
    "mochawesome": {
      "options": {
        "quiet": false,
        "reportFilename": "mochawesome",
        "saveHtml": true,
        "saveJson": true,
        "consoleReporter": "spec",
        "useInlineDiffs": false,
        "code": true
      },
      "version": "7.1.3"
    },
    "marge": {
      "options": {
        "reportDir": "cypress/reports/mochawesome",
        "overwrite": false,
        "html": true,
        "json": true
      },
      "version": "6.2.0"
    }
  }
}