{
  "stats": {
    "suites": 1,
    "tests": 1,
    "passes": 1,
    "pending": 0,
    "failures": 0,
    "start": "2025-07-16T19:35:52.788Z",
    "end": "2025-07-16T19:36:16.939Z",
    "duration": 24151,
    "testsRegistered": 1,
    "passPercent": 100,
    "pendingPercent": 0,
    "other": 0,
    "hasOther": false,
    "skipped": 0,
    "hasSkipped": false
  },
  "results": [
    {
      "uuid": "98c19871-9f8d-4e80-a9a4-140475281058",
      "title": "",
      "fullFile": "cypress\\e2e\\user-management\\userManagement.cy.js",
      "file": "cypress\\e2e\\user-management\\userManagement.cy.js",
      "beforeHooks": [],
      "afterHooks": [],
      "tests": [],
      "suites": [
        {
          "uuid": "974eecc6-e2aa-411c-9c41-1ead704ef690",
          "title": "User Management functionality",
          "fullFile": "",
          "file": "",
          "beforeHooks": [],
          "afterHooks": [],
          "tests": [
            {
              "title": "User Management task",
              "fullTitle": "User Management functionality User Management task",
              "timedOut": null,
              "duration": 23856,
              "state": "passed",
              "speed": "slow",
              "pass": true,
              "fail": false,
              "pending": false,
              "context": null,
              "code": "// redirection to Add User page\nuserManagement.adminSideMenu().should('be.visible');\nuserManagement.adminSideMenu().click();\nuserManagement.userManagementTab().click();\nuserManagement.usersDropdownOption().click();\nuserManagement.addUserButton().click();\n// Add a new user with a random, unique username\naddUser.userRoleDropdown().click();\naddUser.userRoleAdminOption().click();\naddUser.userStatusDropdown().click();\naddUser.userStatusEnabledOption().click();\naddUser.employeeNameInputField().type('test');\ncy.wait(2000);\naddUser.employeeNameOption({\n  timeout: 5000\n}).should('be.visible');\naddUser.employeeNameOption({\n  timeout: 5000\n}).click();\ncy.intercept({\n  method: 'POST',\n  url: '/web/index.php/api/v2/admin/users'\n}).as('createUser');\naddUser.usernameInputField().type(randomString);\naddUser.passwordInputField().type(Cypress.env('password'));\naddUser.confirmPasswordInputField().type(Cypress.env('password'));\naddUser.saveUserButton().click();\ncy.wait('@createUser').then(interception => {\n  const data = interception.response.body.data;\n  const userName = data.userName;\n  const userRole = data.userRole.displayName;\n  const employeeName = `${data.employee.firstName} ${data.employee.lastName}`;\n  const status = data.status ? 'Enabled' : 'Disabled';\n  cy.wrap(userName).as('userName');\n  cy.wrap(userRole).as('userRole');\n  cy.wrap(employeeName).as('employeeName');\n  cy.wrap(status).as('status');\n  cy.url().should('contain', 'admin/viewSystemUsers');\n  cy.get('@userName').then(userName => {\n    userManagement.usernameSearchInputField().type(userName);\n    userManagement.searchUsersButton().click();\n  });\n  // Verify the user appears in the list with correct details.\n  cy.compareUserWithTable({\n    userName,\n    userRole,\n    employeeName,\n    status\n  });\n});\n// Edit the newly created user (e.g., update role or status).\nuserManagement.editUserButton().click();\naddUser.userRoleDropdown().click();\naddUser.userRoleEssOption().click();\naddUser.saveUserButton().click();\ncy.url().should('contain', 'admin/viewSystemUsers');\n// Delete the user and confirm it no longer appears in the list\ncy.get('@userName').then(userName => {\n  userManagement.usernameSearchInputField().type(userName);\n  userManagement.searchUsersButton().click();\n  userManagement.deleteUserButton().click();\n  userManagement.deleteUserConfirmationButton().click();\n  cy.wait(2000);\n  userManagement.searchUsersButton().click();\n  userManagement.noRecordsFoundLabel().should('be.visible');\n});",
              "err": {},
              "uuid": "de258ab0-4fb9-4cfe-bb0c-6b856cad10aa",
              "parentUUID": "974eecc6-e2aa-411c-9c41-1ead704ef690",
              "isHook": false,
              "skipped": false
            }
          ],
          "suites": [],
          "passes": [
            "de258ab0-4fb9-4cfe-bb0c-6b856cad10aa"
          ],
          "failures": [],
          "pending": [],
          "skipped": [],
          "duration": 23856,
          "root": false,
          "rootEmpty": false,
          "_timeout": 2000
        }
      ],
      "passes": [],
      "failures": [],
      "pending": [],
      "skipped": [],
      "duration": 0,
      "root": true,
      "rootEmpty": true,
      "_timeout": 2000
    }
  ],
  "meta": {
    "mocha": {
      "version": "7.2.0"
    },
    "mochawesome": {
      "options": {
        "quiet": false,
        "reportFilename": "mochawesome",
        "saveHtml": true,
        "saveJson": true,
        "consoleReporter": "spec",
        "useInlineDiffs": false,
        "code": true
      },
      "version": "7.1.3"
    },
    "marge": {
      "options": {
        "reportDir": "cypress/reports/mochawesome",
        "overwrite": false,
        "html": true,
        "json": true
      },
      "version": "6.2.0"
    }
  }
}