{
  "stats": {
    "suites": 1,
    "tests": 1,
    "passes": 1,
    "pending": 0,
    "failures": 0,
    "start": "2025-07-17T07:54:39.544Z",
    "end": "2025-07-17T07:54:45.158Z",
    "duration": 5614,
    "testsRegistered": 1,
    "passPercent": 100,
    "pendingPercent": 0,
    "other": 0,
    "hasOther": false,
    "skipped": 0,
    "hasSkipped": false
  },
  "results": [
    {
      "uuid": "97685b1c-88b2-4db4-89a9-1b0dcda6f7b6",
      "title": "",
      "fullFile": "cypress\\e2e\\dashboard\\dashboardTest.cy.js",
      "file": "cypress\\e2e\\dashboard\\dashboardTest.cy.js",
      "beforeHooks": [],
      "afterHooks": [],
      "tests": [],
      "suites": [
        {
          "uuid": "26cff759-9885-4124-8c6c-0ef0c3c6bc3f",
          "title": "Dashboard functionality",
          "fullFile": "",
          "file": "",
          "beforeHooks": [],
          "afterHooks": [],
          "tests": [
            {
              "title": "Dashboard task",
              "fullTitle": "Dashboard functionality Dashboard task",
              "timedOut": null,
              "duration": 5560,
              "state": "passed",
              "speed": "medium",
              "pass": true,
              "fail": false,
              "pending": false,
              "context": null,
              "code": "// redirection to Dashboard page\ndashboard.dashboardSideMenu().click();\n// Identify and validate at least two chart widgets\ndashboard.chartWidget().should('have.length.greaterThan', 1);\n// Include negative assertions (e.g., values or labels that should not be visible)\ndashboard.unassignedChartOption().click();\ndashboard.unassignedChartOption().should('have.attr', 'style').and('include', 'line-through');",
              "err": {},
              "uuid": "c75ba3bb-062b-4525-80f8-488f7bfb0bb2",
              "parentUUID": "26cff759-9885-4124-8c6c-0ef0c3c6bc3f",
              "isHook": false,
              "skipped": false
            }
          ],
          "suites": [],
          "passes": [
            "c75ba3bb-062b-4525-80f8-488f7bfb0bb2"
          ],
          "failures": [],
          "pending": [],
          "skipped": [],
          "duration": 5560,
          "root": false,
          "rootEmpty": false,
          "_timeout": 2000
        }
      ],
      "passes": [],
      "failures": [],
      "pending": [],
      "skipped": [],
      "duration": 0,
      "root": true,
      "rootEmpty": true,
      "_timeout": 2000
    }
  ],
  "meta": {
    "mocha": {
      "version": "7.2.0"
    },
    "mochawesome": {
      "options": {
        "quiet": false,
        "reportFilename": "mochawesome",
        "saveHtml": true,
        "saveJson": true,
        "consoleReporter": "spec",
        "useInlineDiffs": false,
        "code": true
      },
      "version": "7.1.3"
    },
    "marge": {
      "options": {
        "reportDir": "cypress/reports/mochawesome",
        "overwrite": false,
        "html": true,
        "json": true
      },
      "version": "6.2.0"
    }
  }
}