{
  "stats": {
    "suites": 1,
    "tests": 1,
    "passes": 1,
    "pending": 0,
    "failures": 0,
    "start": "2025-07-16T21:02:12.652Z",
    "end": "2025-07-16T21:02:29.599Z",
    "duration": 16947,
    "testsRegistered": 1,
    "passPercent": 100,
    "pendingPercent": 0,
    "other": 0,
    "hasOther": false,
    "skipped": 0,
    "hasSkipped": false
  },
  "results": [
    {
      "uuid": "25f6b789-d7c0-4e55-aab6-2356f10ad78f",
      "title": "",
      "fullFile": "cypress\\e2e\\my-info\\myInfo.cy.js",
      "file": "cypress\\e2e\\my-info\\myInfo.cy.js",
      "beforeHooks": [],
      "afterHooks": [],
      "tests": [],
      "suites": [
        {
          "uuid": "e650edb9-4e47-4643-b83b-3fdd37afbbbf",
          "title": "My Info functionality",
          "fullFile": "",
          "file": "",
          "beforeHooks": [],
          "afterHooks": [],
          "tests": [
            {
              "title": "My Info task",
              "fullTitle": "My Info functionality My Info task",
              "timedOut": null,
              "duration": 16899,
              "state": "passed",
              "speed": "slow",
              "pass": true,
              "fail": false,
              "pending": false,
              "context": null,
              "code": "// redirection to My Info page\nmyInfo.myInfoSideMenu().should('be.visible');\nmyInfo.myInfoSideMenu().click();\nmyInfo.noRecordsFoundLabel().should('be.visible');\n// Upload an attachment with a description.\nmyInfo.addAttachment().click();\ncy.wait(1000);\nmyInfo.browseButton().click();\ncy.wait(1000);\ncy.fixture('/upload/myInfo.jpg', null).as('image');\ncy.get('input[type=file]').selectFile('@image', {\n  force: true\n});\nmyInfo.commentInputArea().type('This is only a test');\ncy.wait(1000);\nmyInfo.saveAttachmentButton().click();\ncy.wait(1000);\n// Verify the file is uploaded and listed correctly.\nmyInfo.tableRow().should('be.visible');\n//  Download and confirm the file.\nmyInfo.downloadAttachmentButton().click();\ncy.readFile('cypress/downloads/myInfo.jpg', null, {\n  timeout: 10000\n}).then(buffer => {\n  expect(buffer.length).to.be.greaterThan(0);\n  //   Delete the attachment and confirm its removal.\n  myInfo.deleteAttachmentButton().click();\n  myInfo.deleteAttachmentConfirmationButton().click();\n  myInfo.noRecordsFoundLabel().should('be.visible');\n});",
              "err": {},
              "uuid": "440e63c2-131c-4d48-b471-be80d1b4a633",
              "parentUUID": "e650edb9-4e47-4643-b83b-3fdd37afbbbf",
              "isHook": false,
              "skipped": false
            }
          ],
          "suites": [],
          "passes": [
            "440e63c2-131c-4d48-b471-be80d1b4a633"
          ],
          "failures": [],
          "pending": [],
          "skipped": [],
          "duration": 16899,
          "root": false,
          "rootEmpty": false,
          "_timeout": 2000
        }
      ],
      "passes": [],
      "failures": [],
      "pending": [],
      "skipped": [],
      "duration": 0,
      "root": true,
      "rootEmpty": true,
      "_timeout": 2000
    }
  ],
  "meta": {
    "mocha": {
      "version": "7.2.0"
    },
    "mochawesome": {
      "options": {
        "quiet": false,
        "reportFilename": "mochawesome",
        "saveHtml": true,
        "saveJson": true,
        "consoleReporter": "spec",
        "useInlineDiffs": false,
        "code": true
      },
      "version": "7.1.3"
    },
    "marge": {
      "options": {
        "reportDir": "cypress/reports/mochawesome",
        "overwrite": false,
        "html": true,
        "json": true
      },
      "version": "6.2.0"
    }
  }
}